[2019-06-13 14:22:41] UTN FRA LOGGER.INFO: ::1 [] {"uid":"ecfba35"}
[2019-06-13 14:23:14] UTN FRA LOGGER.INFO: ip :::1 [] {"uid":"f1af206"}
[2019-06-13 14:31:21] UTN FRA LOGGER.INFO: info  =Mozilla/5.0 (X11; Linux x86_64) AppleWebKit/537.36 (KHTML, like Gecko) Chrome/73.0.3683.86 Safari/537.36 [] {"uid":"2676799"}
[2019-06-13 14:31:21] UTN FRA LOGGER.INFO: ip =::1 [] {"uid":"2676799"}
[2019-06-13 14:33:01] UTN FRA LOGGER.INFO: info  =PostmanRuntime/7.1.1 [] {"uid":"1c0e970"}
[2019-06-13 14:33:01] UTN FRA LOGGER.INFO: ip =::1 [] {"uid":"1c0e970"}
[2019-06-13 14:33:04] UTN FRA LOGGER.INFO: info  =PostmanRuntime/7.1.1 [] {"uid":"e0a490b"}
[2019-06-13 14:33:04] UTN FRA LOGGER.INFO: ip =::1 [] {"uid":"e0a490b"}
[2019-06-13 14:33:08] UTN FRA LOGGER.INFO: info  =PostmanRuntime/7.1.1 [] {"uid":"5792b8b"}
[2019-06-13 14:33:08] UTN FRA LOGGER.INFO: ip =::1 [] {"uid":"5792b8b"}
[2019-06-13 14:33:14] UTN FRA LOGGER.INFO: info  =PostmanRuntime/7.1.1 [] {"uid":"c3f3041"}
[2019-06-13 14:33:14] UTN FRA LOGGER.INFO: ip =::1 [] {"uid":"c3f3041"}
[2019-06-13 14:41:27] UTN FRA LOGGER.INFO: info  =Mozilla/5.0 (X11; Linux x86_64; rv:60.0) Gecko/20100101 Firefox/60.0 [] {"uid":"d971c69"}
[2019-06-13 14:41:27] UTN FRA LOGGER.INFO: ip =127.0.0.1 [] {"uid":"d971c69"}
[2019-06-13 14:46:20] UTN FRA LOGGER.INFO: info  =Mozilla/5.0 (X11; Linux x86_64; rv:60.0) Gecko/20100101 Firefox/60.0 [] {"uid":"01737b9"}
[2019-06-13 14:46:20] UTN FRA LOGGER.INFO: ip =127.0.0.1 [] {"uid":"01737b9"}
[2019-06-13 14:48:37] UTN FRA LOGGER.INFO: info  =Mozilla/5.0 (X11; Linux x86_64) AppleWebKit/537.36 (KHTML, like Gecko) Chrome/50.0.2661.76 YaBrowser/16.6.0.6383 (beta) Safari/537.36 [] {"uid":"5d9f7e5"}
[2019-06-13 14:48:37] UTN FRA LOGGER.INFO: ip =::1 [] {"uid":"5d9f7e5"}
[2019-06-13 14:48:52] UTN FRA LOGGER.INFO: info  =Mozilla/5.0 (X11; Linux x86_64) AppleWebKit/537.36 (KHTML, like Gecko) Chrome/50.0.2661.76 YaBrowser/16.6.0.6383 (beta) Safari/537.36 [] {"uid":"f6cdba9"}
[2019-06-13 14:48:52] UTN FRA LOGGER.INFO: ip =::1 [] {"uid":"f6cdba9"}
[2019-06-13 14:48:59] UTN FRA LOGGER.INFO: info  =Mozilla/5.0 (X11; Linux x86_64) AppleWebKit/537.36 (KHTML, like Gecko) Chrome/50.0.2661.76 YaBrowser/16.6.0.6383 (beta) Safari/537.36 [] {"uid":"7fb9fe5"}
[2019-06-13 14:48:59] UTN FRA LOGGER.INFO: ip =::1 [] {"uid":"7fb9fe5"}
[2019-06-13 14:50:12] UTN FRA LOGGER.INFO: info  =Mozilla/5.0 (X11; Linux x86_64) AppleWebKit/537.36 (KHTML, like Gecko) Chrome/71.0.3578.98 Safari/537.36 OPR/58.0.3135.107 [] {"uid":"05adba9"}
[2019-06-13 14:50:13] UTN FRA LOGGER.INFO: ip =::1 [] {"uid":"05adba9"}
[2019-06-13 14:51:49] UTN FRA LOGGER.INFO: info  =Mozilla/5.0 (X11; Linux x86_64) AppleWebKit/537.36 (KHTML, like Gecko) Chrome/73.0.3683.86 Safari/537.36 [] {"uid":"4869fa1"}
[2019-06-13 14:51:49] UTN FRA LOGGER.INFO: ip =::1 [] {"uid":"4869fa1"}
[2019-06-13 14:52:04] UTN FRA LOGGER.INFO: info  =PostmanRuntime/7.1.1 [] {"uid":"955f892"}
[2019-06-13 14:52:04] UTN FRA LOGGER.INFO: ip =::1 [] {"uid":"955f892"}
[2019-06-13 14:52:24] UTN FRA LOGGER.INFO: Datos  =PostmanRuntime/7.1.1 [] {"uid":"3d3557f"}
[2019-06-13 14:52:24] UTN FRA LOGGER.INFO: ip =::1 [] {"uid":"3d3557f"}
[2019-06-13 14:52:34] UTN FRA LOGGER.INFO: Datos  =Mozilla/5.0 (X11; Linux x86_64) AppleWebKit/537.36 (KHTML, like Gecko) Chrome/71.0.3578.98 Safari/537.36 OPR/58.0.3135.107 [] {"uid":"521a87e"}
[2019-06-13 14:52:34] UTN FRA LOGGER.INFO: ip =::1 [] {"uid":"521a87e"}
[2019-06-13 14:54:41] UTN FRA LOGGER.INFO: Datos  =Mozilla/5.0 (X11; Linux x86_64) AppleWebKit/537.36 (KHTML, like Gecko) Chrome/73.0.3683.86 Safari/537.36 [] {"uid":"15b9fd3"}
[2019-06-13 14:54:41] UTN FRA LOGGER.INFO: ip =::1 [] {"uid":"15b9fd3"}
[2019-06-13 15:40:36] UTN FRA LOGGER.INFO: Datos  =Mozilla/5.0 (X11; Linux x86_64) AppleWebKit/537.36 (KHTML, like Gecko) Chrome/73.0.3683.86 Safari/537.36 [] {"uid":"bbb9226"}
[2019-06-13 15:40:36] UTN FRA LOGGER.INFO: ip =::1 [] {"uid":"bbb9226"}
[2019-06-13 15:40:42] UTN FRA LOGGER.INFO: Datos  =Mozilla/5.0 (X11; Linux x86_64) AppleWebKit/537.36 (KHTML, like Gecko) Chrome/73.0.3683.86 Safari/537.36 [] {"uid":"d5105f7"}
[2019-06-13 15:40:42] UTN FRA LOGGER.INFO: ip =::1 [] {"uid":"d5105f7"}
[2019-06-13 15:41:29] UTN FRA LOGGER.INFO: Datos  =Mozilla/5.0 (X11; Linux x86_64) AppleWebKit/537.36 (KHTML, like Gecko) Chrome/73.0.3683.86 Safari/537.36 [] {"uid":"e12c6d8"}
[2019-06-13 15:41:29] UTN FRA LOGGER.INFO: ip =::1 [] {"uid":"e12c6d8"}
[2019-06-13 15:42:30] UTN FRA LOGGER.INFO: Datos  =Mozilla/5.0 (X11; Linux x86_64) AppleWebKit/537.36 (KHTML, like Gecko) Chrome/73.0.3683.86 Safari/537.36 [] {"uid":"36ef6fa"}
[2019-06-13 15:42:30] UTN FRA LOGGER.INFO: ip =::1 [] {"uid":"36ef6fa"}
[2019-06-13 15:45:52] UTN FRA LOGGER.INFO: Datos  =Mozilla/5.0 (X11; Linux x86_64) AppleWebKit/537.36 (KHTML, like Gecko) Chrome/73.0.3683.86 Safari/537.36 [] {"uid":"452e00c"}
[2019-06-13 15:45:52] UTN FRA LOGGER.INFO: ip =::1 [] {"uid":"452e00c"}
[2019-06-13 15:46:48] UTN FRA LOGGER.INFO: Datos  =Mozilla/5.0 (X11; Linux x86_64) AppleWebKit/537.36 (KHTML, like Gecko) Chrome/73.0.3683.86 Safari/537.36 [] {"uid":"accaf17"}
[2019-06-13 15:46:48] UTN FRA LOGGER.INFO: ip =::1 [] {"uid":"accaf17"}
[2019-06-13 15:46:49] UTN FRA LOGGER.INFO: Datos  =Mozilla/5.0 (X11; Linux x86_64) AppleWebKit/537.36 (KHTML, like Gecko) Chrome/73.0.3683.86 Safari/537.36 [] {"uid":"2977b9f"}
[2019-06-13 15:46:49] UTN FRA LOGGER.INFO: ip =::1 [] {"uid":"2977b9f"}
[2019-06-13 15:46:50] UTN FRA LOGGER.INFO: Datos  =Mozilla/5.0 (X11; Linux x86_64) AppleWebKit/537.36 (KHTML, like Gecko) Chrome/73.0.3683.86 Safari/537.36 [] {"uid":"5b1fbcd"}
[2019-06-13 15:46:50] UTN FRA LOGGER.INFO: ip =::1 [] {"uid":"5b1fbcd"}
[2019-06-13 15:47:05] UTN FRA LOGGER.INFO: Datos  =Mozilla/5.0 (X11; Linux x86_64) AppleWebKit/537.36 (KHTML, like Gecko) Chrome/73.0.3683.86 Safari/537.36 [] {"uid":"618e906"}
[2019-06-13 15:47:05] UTN FRA LOGGER.INFO: ip =::1 [] {"uid":"618e906"}
[2019-06-13 15:47:10] UTN FRA LOGGER.INFO: Datos  =Mozilla/5.0 (X11; Linux x86_64) AppleWebKit/537.36 (KHTML, like Gecko) Chrome/73.0.3683.86 Safari/537.36 [] {"uid":"e6f850c"}
[2019-06-13 15:47:10] UTN FRA LOGGER.INFO: ip =::1 [] {"uid":"e6f850c"}
[2019-06-13 15:47:16] UTN FRA LOGGER.INFO: Datos  =Mozilla/5.0 (X11; Linux x86_64) AppleWebKit/537.36 (KHTML, like Gecko) Chrome/73.0.3683.86 Safari/537.36 [] {"uid":"6080469"}
[2019-06-13 15:47:16] UTN FRA LOGGER.INFO: ip =::1 [] {"uid":"6080469"}
[2019-06-13 15:47:52] UTN FRA LOGGER.INFO: Datos  =Mozilla/5.0 (X11; Linux x86_64) AppleWebKit/537.36 (KHTML, like Gecko) Chrome/73.0.3683.86 Safari/537.36 [] {"uid":"be829a8"}
[2019-06-13 15:47:52] UTN FRA LOGGER.INFO: ip =::1 [] {"uid":"be829a8"}
[2019-06-13 15:47:55] UTN FRA LOGGER.INFO: Datos  =Mozilla/5.0 (X11; Linux x86_64) AppleWebKit/537.36 (KHTML, like Gecko) Chrome/73.0.3683.86 Safari/537.36 [] {"uid":"8f497ca"}
[2019-06-13 15:47:55] UTN FRA LOGGER.INFO: ip =::1 [] {"uid":"8f497ca"}
[2019-06-13 15:48:12] UTN FRA LOGGER.INFO: Datos  =Mozilla/5.0 (X11; Linux x86_64) AppleWebKit/537.36 (KHTML, like Gecko) Chrome/73.0.3683.86 Safari/537.36 [] {"uid":"9e48c5a"}
[2019-06-13 15:48:12] UTN FRA LOGGER.INFO: ip =::1 [] {"uid":"9e48c5a"}
[2019-06-13 15:48:15] UTN FRA LOGGER.INFO: Datos  =Mozilla/5.0 (X11; Linux x86_64) AppleWebKit/537.36 (KHTML, like Gecko) Chrome/73.0.3683.86 Safari/537.36 [] {"uid":"b916695"}
[2019-06-13 15:48:15] UTN FRA LOGGER.INFO: ip =::1 [] {"uid":"b916695"}
[2019-06-13 15:50:55] UTN FRA LOGGER.INFO: Datos  =Mozilla/5.0 (X11; Linux x86_64) AppleWebKit/537.36 (KHTML, like Gecko) Chrome/73.0.3683.86 Safari/537.36 [] {"uid":"1dd5fc6"}
[2019-06-13 15:50:55] UTN FRA LOGGER.INFO: ip =::1 [] {"uid":"1dd5fc6"}
[2019-06-13 15:51:28] UTN FRA LOGGER.INFO: Datos  =Mozilla/5.0 (X11; Linux x86_64) AppleWebKit/537.36 (KHTML, like Gecko) Chrome/73.0.3683.86 Safari/537.36 [] {"uid":"458c08c"}
[2019-06-13 15:51:28] UTN FRA LOGGER.INFO: ip =::1 [] {"uid":"458c08c"}
[2019-06-13 15:51:33] UTN FRA LOGGER.INFO: Datos  =Mozilla/5.0 (X11; Linux x86_64) AppleWebKit/537.36 (KHTML, like Gecko) Chrome/73.0.3683.86 Safari/537.36 [] {"uid":"c57b200"}
[2019-06-13 15:51:33] UTN FRA LOGGER.INFO: ip =::1 [] {"uid":"c57b200"}
[2019-06-13 15:53:23] UTN FRA LOGGER.INFO: Datos  =Mozilla/5.0 (X11; Linux x86_64) AppleWebKit/537.36 (KHTML, like Gecko) Chrome/73.0.3683.86 Safari/537.36 [] {"uid":"903207f"}
[2019-06-13 15:53:23] UTN FRA LOGGER.INFO: ip =::1 [] {"uid":"903207f"}
[2019-06-13 15:53:26] UTN FRA LOGGER.INFO: Datos  =Mozilla/5.0 (X11; Linux x86_64) AppleWebKit/537.36 (KHTML, like Gecko) Chrome/73.0.3683.86 Safari/537.36 [] {"uid":"3a71660"}
[2019-06-13 15:53:26] UTN FRA LOGGER.INFO: ip =::1 [] {"uid":"3a71660"}
[2019-06-13 15:54:00] UTN FRA LOGGER.INFO: Datos  =Mozilla/5.0 (X11; Linux x86_64) AppleWebKit/537.36 (KHTML, like Gecko) Chrome/73.0.3683.86 Safari/537.36 [] {"uid":"b363313"}
[2019-06-13 15:54:00] UTN FRA LOGGER.INFO: ip =::1 [] {"uid":"b363313"}
[2019-06-13 15:54:01] UTN FRA LOGGER.INFO: Datos  =Mozilla/5.0 (X11; Linux x86_64) AppleWebKit/537.36 (KHTML, like Gecko) Chrome/73.0.3683.86 Safari/537.36 [] {"uid":"a1ab03e"}
[2019-06-13 15:54:01] UTN FRA LOGGER.INFO: ip =::1 [] {"uid":"a1ab03e"}
[2019-06-13 15:54:01] UTN FRA LOGGER.INFO: Datos  =Mozilla/5.0 (X11; Linux x86_64) AppleWebKit/537.36 (KHTML, like Gecko) Chrome/73.0.3683.86 Safari/537.36 [] {"uid":"74bb1fc"}
[2019-06-13 15:54:01] UTN FRA LOGGER.INFO: ip =::1 [] {"uid":"74bb1fc"}
[2019-06-13 15:54:01] UTN FRA LOGGER.INFO: Datos  =Mozilla/5.0 (X11; Linux x86_64) AppleWebKit/537.36 (KHTML, like Gecko) Chrome/73.0.3683.86 Safari/537.36 [] {"uid":"e07b9d7"}
[2019-06-13 15:54:01] UTN FRA LOGGER.INFO: ip =::1 [] {"uid":"e07b9d7"}
[2019-06-13 15:54:01] UTN FRA LOGGER.INFO: Datos  =Mozilla/5.0 (X11; Linux x86_64) AppleWebKit/537.36 (KHTML, like Gecko) Chrome/73.0.3683.86 Safari/537.36 [] {"uid":"b3e7a0b"}
[2019-06-13 15:54:01] UTN FRA LOGGER.INFO: ip =::1 [] {"uid":"b3e7a0b"}
[2019-06-13 15:54:02] UTN FRA LOGGER.INFO: Datos  =Mozilla/5.0 (X11; Linux x86_64) AppleWebKit/537.36 (KHTML, like Gecko) Chrome/73.0.3683.86 Safari/537.36 [] {"uid":"e6fa77e"}
[2019-06-13 15:54:02] UTN FRA LOGGER.INFO: ip =::1 [] {"uid":"e6fa77e"}
[2019-06-13 15:54:02] UTN FRA LOGGER.INFO: Datos  =Mozilla/5.0 (X11; Linux x86_64) AppleWebKit/537.36 (KHTML, like Gecko) Chrome/73.0.3683.86 Safari/537.36 [] {"uid":"262fbd8"}
[2019-06-13 15:54:02] UTN FRA LOGGER.INFO: ip =::1 [] {"uid":"262fbd8"}
[2019-06-13 15:54:29] UTN FRA LOGGER.INFO: Datos  =Mozilla/5.0 (X11; Linux x86_64) AppleWebKit/537.36 (KHTML, like Gecko) Chrome/73.0.3683.86 Safari/537.36 [] {"uid":"69026c5"}
[2019-06-13 15:54:29] UTN FRA LOGGER.INFO: ip =::1 [] {"uid":"69026c5"}
[2019-06-13 15:54:53] UTN FRA LOGGER.INFO: Datos  =Mozilla/5.0 (X11; Linux x86_64) AppleWebKit/537.36 (KHTML, like Gecko) Chrome/73.0.3683.86 Safari/537.36 [] {"uid":"7f80bac"}
[2019-06-13 15:54:53] UTN FRA LOGGER.INFO: ip =::1 [] {"uid":"7f80bac"}
[2019-06-13 16:14:20] UTN FRA LOGGER.INFO: Datos  =PostmanRuntime/7.1.1 [] {"uid":"f37f107"}
[2019-06-13 16:14:20] UTN FRA LOGGER.INFO: ip =::1 [] {"uid":"f37f107"}
[2019-06-13 16:14:25] UTN FRA LOGGER.INFO: Datos  =PostmanRuntime/7.1.1 [] {"uid":"f86c548"}
[2019-06-13 16:14:25] UTN FRA LOGGER.INFO: ip =::1 [] {"uid":"f86c548"}
[2019-06-13 16:16:52] UTN FRA LOGGER.INFO: Datos  =PostmanRuntime/7.1.1 [] {"uid":"cfce916"}
[2019-06-13 16:16:52] UTN FRA LOGGER.INFO: ip =::1 [] {"uid":"cfce916"}
[2019-06-13 16:16:56] UTN FRA LOGGER.INFO: Datos  =PostmanRuntime/7.1.1 [] {"uid":"24b074c"}
[2019-06-13 16:16:56] UTN FRA LOGGER.INFO: ip =::1 [] {"uid":"24b074c"}
[2019-06-13 16:17:07] UTN FRA LOGGER.INFO: Datos  =PostmanRuntime/7.1.1 [] {"uid":"fecc8fc"}
[2019-06-13 16:17:07] UTN FRA LOGGER.INFO: ip =::1 [] {"uid":"fecc8fc"}
[2019-06-13 16:19:09] UTN FRA LOGGER.INFO: Datos  =Mozilla/5.0 (X11; Linux x86_64) AppleWebKit/537.36 (KHTML, like Gecko) Chrome/73.0.3683.86 Safari/537.36 [] {"uid":"e2193d4"}
[2019-06-13 16:19:09] UTN FRA LOGGER.INFO: ip =::1 [] {"uid":"e2193d4"}
[2019-06-13 16:19:58] UTN FRA LOGGER.INFO: Datos  =Mozilla/5.0 (X11; Linux x86_64) AppleWebKit/537.36 (KHTML, like Gecko) Chrome/73.0.3683.86 Safari/537.36 [] {"uid":"d83d781"}
[2019-06-13 16:19:58] UTN FRA LOGGER.INFO: ip =::1 [] {"uid":"d83d781"}
[2019-06-13 16:20:00] UTN FRA LOGGER.INFO: Datos  =Mozilla/5.0 (X11; Linux x86_64) AppleWebKit/537.36 (KHTML, like Gecko) Chrome/73.0.3683.86 Safari/537.36 [] {"uid":"89e32cc"}
[2019-06-13 16:20:00] UTN FRA LOGGER.INFO: ip =::1 [] {"uid":"89e32cc"}
[2019-06-13 16:20:32] UTN FRA LOGGER.INFO: Datos  =Mozilla/5.0 (X11; Linux x86_64) AppleWebKit/537.36 (KHTML, like Gecko) Chrome/73.0.3683.86 Safari/537.36 [] {"uid":"434586f"}
[2019-06-13 16:20:32] UTN FRA LOGGER.INFO: ip =::1 [] {"uid":"434586f"}
[2019-06-13 16:20:40] UTN FRA LOGGER.INFO: Datos  =PostmanRuntime/7.1.1 [] {"uid":"87cac8e"}
[2019-06-13 16:20:40] UTN FRA LOGGER.INFO: ip =::1 [] {"uid":"87cac8e"}
[2019-11-05 23:47:57] UTN FRA LOGGER.INFO: Datos  =Mozilla/5.0 (Windows NT 6.1; Win64; x64) AppleWebKit/537.36 (KHTML, like Gecko) Chrome/76.0.3809.132 Safari/537.36 [] {"uid":"5bc251b"}
[2019-11-05 23:47:57] UTN FRA LOGGER.INFO: ip =::1 [] {"uid":"5bc251b"}
[2019-11-05 23:48:10] UTN FRA LOGGER.INFO: Datos  =Mozilla/5.0 (Windows NT 6.1; Win64; x64) AppleWebKit/537.36 (KHTML, like Gecko) Chrome/76.0.3809.132 Safari/537.36 [] {"uid":"be561fc"}
[2019-11-05 23:48:10] UTN FRA LOGGER.INFO: ip =::1 [] {"uid":"be561fc"}
[2019-11-05 23:49:01] UTN FRA LOGGER.INFO: Datos  =Mozilla/5.0 (Windows NT 6.1; Win64; x64) AppleWebKit/537.36 (KHTML, like Gecko) Chrome/76.0.3809.132 Safari/537.36 [] {"uid":"8d61624"}
[2019-11-05 23:49:01] UTN FRA LOGGER.INFO: ip =::1 [] {"uid":"8d61624"}
[2019-11-05 23:57:48] UTN FRA LOGGER.INFO: Datos  =Mozilla/5.0 (Windows NT 6.1; Win64; x64) AppleWebKit/537.36 (KHTML, like Gecko) Chrome/76.0.3809.132 Safari/537.36 [] {"uid":"9b0c3d3"}
[2019-11-05 23:57:48] UTN FRA LOGGER.INFO: ip =::1 [] {"uid":"9b0c3d3"}
[2019-11-06 00:27:00] UTN FRA LOGGER.INFO: Datos  =Mozilla/5.0 (Windows NT 6.1; Win64; x64) AppleWebKit/537.36 (KHTML, like Gecko) Chrome/76.0.3809.132 Safari/537.36 [] {"uid":"a8169e8"}
[2019-11-06 00:27:00] UTN FRA LOGGER.INFO: ip =::1 [] {"uid":"a8169e8"}
[2019-11-06 00:27:29] UTN FRA LOGGER.INFO: Datos  =Mozilla/5.0 (Windows NT 6.1; Win64; x64) AppleWebKit/537.36 (KHTML, like Gecko) Chrome/76.0.3809.132 Safari/537.36 [] {"uid":"418c910"}
[2019-11-06 00:27:29] UTN FRA LOGGER.INFO: ip =::1 [] {"uid":"418c910"}
[2019-11-06 00:27:43] UTN FRA LOGGER.INFO: Datos  =Mozilla/5.0 (Windows NT 6.1; Win64; x64) AppleWebKit/537.36 (KHTML, like Gecko) Chrome/76.0.3809.132 Safari/537.36 [] {"uid":"a8961b4"}
[2019-11-06 00:27:43] UTN FRA LOGGER.INFO: ip =::1 [] {"uid":"a8961b4"}
[2019-11-06 00:28:34] UTN FRA LOGGER.INFO: Datos  =Mozilla/5.0 (Windows NT 6.1; Win64; x64) AppleWebKit/537.36 (KHTML, like Gecko) Chrome/76.0.3809.132 Safari/537.36 [] {"uid":"515b24b"}
[2019-11-06 00:28:34] UTN FRA LOGGER.INFO: ip =::1 [] {"uid":"515b24b"}
[2019-11-06 00:28:42] UTN FRA LOGGER.INFO: Datos  =Mozilla/5.0 (Windows NT 6.1; Win64; x64) AppleWebKit/537.36 (KHTML, like Gecko) Chrome/76.0.3809.132 Safari/537.36 [] {"uid":"998068d"}
[2019-11-06 00:28:42] UTN FRA LOGGER.INFO: ip =::1 [] {"uid":"998068d"}
[2019-11-06 00:29:03] UTN FRA LOGGER.INFO: Datos  =Mozilla/5.0 (Windows NT 6.1; Win64; x64) AppleWebKit/537.36 (KHTML, like Gecko) Chrome/76.0.3809.132 Safari/537.36 [] {"uid":"0c3a7ef"}
[2019-11-06 00:29:03] UTN FRA LOGGER.INFO: ip =::1 [] {"uid":"0c3a7ef"}
[2019-11-06 01:23:12] UTN FRA LOGGER.INFO: Datos  =Mozilla/5.0 (Windows NT 6.1; Win64; x64) AppleWebKit/537.36 (KHTML, like Gecko) Chrome/76.0.3809.132 Safari/537.36 [] {"uid":"2a7e684"}
[2019-11-06 01:23:12] UTN FRA LOGGER.INFO: ip =::1 [] {"uid":"2a7e684"}
[2019-11-06 01:23:58] UTN FRA LOGGER.INFO: Datos  =Mozilla/5.0 (Windows NT 6.1; Win64; x64) AppleWebKit/537.36 (KHTML, like Gecko) Chrome/76.0.3809.132 Safari/537.36 [] {"uid":"23408c3"}
[2019-11-06 01:23:58] UTN FRA LOGGER.INFO: ip =::1 [] {"uid":"23408c3"}
[2019-11-06 01:26:17] UTN FRA LOGGER.INFO: Datos  =Mozilla/5.0 (Windows NT 6.1; Win64; x64) AppleWebKit/537.36 (KHTML, like Gecko) Chrome/76.0.3809.132 Safari/537.36 [] {"uid":"063ecca"}
[2019-11-06 01:26:17] UTN FRA LOGGER.INFO: ip =::1 [] {"uid":"063ecca"}
[2019-11-06 01:27:08] UTN FRA LOGGER.INFO: Datos  =Mozilla/5.0 (Windows NT 6.1; Win64; x64) AppleWebKit/537.36 (KHTML, like Gecko) Chrome/76.0.3809.132 Safari/537.36 [] {"uid":"61be7c0"}
[2019-11-06 01:27:08] UTN FRA LOGGER.INFO: ip =::1 [] {"uid":"61be7c0"}
[2019-11-06 01:27:09] UTN FRA LOGGER.INFO: Datos  =Mozilla/5.0 (Windows NT 6.1; Win64; x64) AppleWebKit/537.36 (KHTML, like Gecko) Chrome/76.0.3809.132 Safari/537.36 [] {"uid":"6d66659"}
[2019-11-06 01:27:09] UTN FRA LOGGER.INFO: ip =::1 [] {"uid":"6d66659"}
[2019-11-06 01:28:29] UTN FRA LOGGER.INFO: Datos  =Mozilla/5.0 (Windows NT 6.1; Win64; x64) AppleWebKit/537.36 (KHTML, like Gecko) Chrome/76.0.3809.132 Safari/537.36 [] {"uid":"879ed26"}
[2019-11-06 01:28:29] UTN FRA LOGGER.INFO: ip =::1 [] {"uid":"879ed26"}
